<?xml version="1.0" encoding="UTF-8"?>
<testng-results skipped="0" failed="0" total="1" passed="1">
  <reporter-output>
  </reporter-output>
  <suite name="Suite" duration-ms="4634" started-at="2018-06-16T22:49:49Z" finished-at="2018-06-16T22:49:54Z">
    <groups>
    </groups>
    <test name="Apple Support FeedBack Tests" duration-ms="4634" started-at="2018-06-16T22:49:49Z" finished-at="2018-06-16T22:49:54Z">
      <class name="org.apple.iphone.support.tests.AppleSupportTests">
        <test-method status="PASS" signature="invokeBrowser(java.lang.String, java.lang.String)[pri:0, instance:org.apple.iphone.support.tests.AppleSupportTests@985696]" name="invokeBrowser" is-config="true" duration-ms="2132" started-at="2018-06-16T15:49:49Z" finished-at="2018-06-16T15:49:51Z">
          <params>
            <param index="0">
              <value>
                <![CDATA[CH]]>
              </value>
            </param>
            <param index="1">
              <value>
                <![CDATA[https://support.apple.com]]>
              </value>
            </param>
          </params>
          <reporter-output>
          </reporter-output>
        </test-method> <!-- invokeBrowser -->
        <test-method status="PASS" signature="feedBackFlowTest(java.lang.String, java.lang.String)[pri:0, instance:org.apple.iphone.support.tests.AppleSupportTests@985696]" name="feedBackFlowTest" duration-ms="2495" started-at="2018-06-16T15:49:51Z" finished-at="2018-06-16T15:49:54Z">
          <params>
            <param index="0">
              <value>
                <![CDATA[iPhone Battery and Performance]]>
              </value>
            </param>
            <param index="1">
              <value>
                <![CDATA[Thanks for your feedback.]]>
              </value>
            </param>
          </params>
          <reporter-output>
          </reporter-output>
        </test-method> <!-- feedBackFlowTest -->
      </class> <!-- org.apple.iphone.support.tests.AppleSupportTests -->
    </test> <!-- Apple Support FeedBack Tests -->
  </suite> <!-- Suite -->
</testng-results>
