<?xml version="1.0" encoding="UTF-8"?>
<testng-results skipped="0" failed="0" total="2" passed="2">
  <reporter-output>
  </reporter-output>
  <suite name="Suite" duration-ms="9310" started-at="2018-06-16T23:37:37Z" finished-at="2018-06-16T23:37:47Z">
    <groups>
    </groups>
    <test name="Apple Support FeedBack Tests" duration-ms="4498" started-at="2018-06-16T23:37:37Z" finished-at="2018-06-16T23:37:42Z">
      <class name="org.apple.iphone.support.tests.AppleSupportTests">
        <test-method status="PASS" signature="invokeBrowser(java.lang.String, java.lang.String)[pri:0, instance:org.apple.iphone.support.tests.AppleSupportTests@1f1cae23]" name="invokeBrowser" is-config="true" duration-ms="2108" started-at="2018-06-16T16:37:37Z" finished-at="2018-06-16T16:37:39Z">
          <params>
            <param index="0">
              <value>
                <![CDATA[CH]]>
              </value>
            </param>
            <param index="1">
              <value>
                <![CDATA[https://support.apple.com]]>
              </value>
            </param>
          </params>
          <reporter-output>
          </reporter-output>
        </test-method> <!-- invokeBrowser -->
        <test-method status="PASS" signature="feedBackFlowTest(java.lang.String, java.lang.String)[pri:0, instance:org.apple.iphone.support.tests.AppleSupportTests@1f1cae23]" name="feedBackFlowTest" duration-ms="2384" started-at="2018-06-16T16:37:39Z" finished-at="2018-06-16T16:37:42Z">
          <params>
            <param index="0">
              <value>
                <![CDATA[iPhone Battery and Performance]]>
              </value>
            </param>
            <param index="1">
              <value>
                <![CDATA[Thanks for your feedback.]]>
              </value>
            </param>
          </params>
          <reporter-output>
          </reporter-output>
        </test-method> <!-- feedBackFlowTest -->
      </class> <!-- org.apple.iphone.support.tests.AppleSupportTests -->
    </test> <!-- Apple Support FeedBack Tests -->
    <test name="Chrome Browser Tests" duration-ms="4801" started-at="2018-06-16T23:37:42Z" finished-at="2018-06-16T23:37:47Z">
      <class name="org.apple.iphone.support.tests.AppleSupportTests">
        <test-method status="PASS" signature="invokeBrowser(java.lang.String, java.lang.String)[pri:0, instance:org.apple.iphone.support.tests.AppleSupportTests@3afae281]" name="invokeBrowser" is-config="true" duration-ms="3029" started-at="2018-06-16T16:37:42Z" finished-at="2018-06-16T16:37:45Z">
          <params>
            <param index="0">
              <value>
                <![CDATA[FF]]>
              </value>
            </param>
            <param index="1">
              <value>
                <![CDATA[https://support.apple.com]]>
              </value>
            </param>
          </params>
          <reporter-output>
          </reporter-output>
        </test-method> <!-- invokeBrowser -->
        <test-method status="PASS" signature="feedBackFlowTest(java.lang.String, java.lang.String)[pri:0, instance:org.apple.iphone.support.tests.AppleSupportTests@3afae281]" name="feedBackFlowTest" duration-ms="1772" started-at="2018-06-16T16:37:45Z" finished-at="2018-06-16T16:37:47Z">
          <params>
            <param index="0">
              <value>
                <![CDATA[iPhone Battery and Performance]]>
              </value>
            </param>
            <param index="1">
              <value>
                <![CDATA[Thanks for your feedback.]]>
              </value>
            </param>
          </params>
          <reporter-output>
          </reporter-output>
        </test-method> <!-- feedBackFlowTest -->
      </class> <!-- org.apple.iphone.support.tests.AppleSupportTests -->
    </test> <!-- Chrome Browser Tests -->
  </suite> <!-- Suite -->
</testng-results>
